2026-03-17 11:23:08 [main] INFO  com.org.kodewala.ecommerce.jdbc.service.ProductService - Fetching products from database
2026-03-17 11:23:08 [main] DEBUG com.org.kodewala.ecommerce.jdbc.service.ProductService - Executing query: Select * from products
2026-03-17 11:23:08 [main] INFO  com.org.kodewala.ecommerce.jdbc.service.ProductService - Products fetched successfully
2026-03-17 11:23:08 [main] INFO  com.org.kodewala.ecommerce.jdbc.service.ProductService - Products fetched successfully
2026-03-17 11:23:08 [main] INFO  com.org.kodewala.ecommerce.jdbc.service.ProductService - Products fetched successfully
2026-03-17 11:23:08 [main] INFO  com.org.kodewala.ecommerce.jdbc.service.ProductService - Products fetched successfully
2026-03-17 11:23:08 [main] INFO  com.org.kodewala.ecommerce.jdbc.service.ProductService - Products fetched successfully
2026-03-17 11:23:08 [main] INFO  com.org.kodewala.ecommerce.jdbc.service.ProductService - Products fetched successfully
2026-03-17 11:23:08 [main] INFO  com.org.kodewala.ecommerce.jdbc.service.ProductService - Products fetched successfully
2026-03-17 11:23:08 [main] INFO  com.org.kodewala.ecommerce.jdbc.service.ProductService - Products fetched successfully
2026-03-17 11:23:08 [main] INFO  com.org.kodewala.ecommerce.jdbc.service.ProductService - Products fetched successfully
2026-03-17 11:23:08 [main] INFO  com.org.kodewala.ecommerce.jdbc.service.ProductService - Products fetched successfully
2026-03-17 11:23:08 [main] INFO  com.org.kodewala.ecommerce.jdbc.service.ProductService - Products fetched successfully
2026-03-17 11:23:08 [main] INFO  com.org.kodewala.ecommerce.jdbc.service.ProductService - Products fetched successfully
2026-03-17 11:23:08 [main] INFO  com.org.kodewala.ecommerce.jdbc.service.ProductService - Products fetched successfully
2026-03-17 11:23:08 [main] INFO  com.org.kodewala.ecommerce.jdbc.service.ProductService - Products fetched successfully
2026-03-17 11:23:08 [main] INFO  com.org.kodewala.ecommerce.jdbc.service.ProductService - Products fetched successfully
2026-03-17 11:23:08 [main] INFO  com.org.kodewala.ecommerce.jdbc.service.ProductService - Products fetched successfully
2026-03-17 11:23:08 [main] INFO  com.org.kodewala.ecommerce.jdbc.service.ProductService - Products fetched successfully
2026-03-17 11:23:08 [main] INFO  com.org.kodewala.ecommerce.jdbc.service.ProductService - Products fetched successfully
2026-03-17 11:23:08 [main] INFO  com.org.kodewala.ecommerce.jdbc.service.ProductService - Products fetched successfully
2026-03-17 11:23:08 [main] INFO  com.org.kodewala.ecommerce.jdbc.service.ProductService - Products fetched successfully
2026-03-17 11:23:08 [main] INFO  com.org.kodewala.ecommerce.jdbc.service.ProductService - Products fetched successfully
2026-03-17 11:23:08 [main] INFO  com.org.kodewala.ecommerce.jdbc.service.ProductService - Products fetched successfully
2026-03-17 11:23:08 [main] INFO  com.org.kodewala.ecommerce.jdbc.service.ProductService - Products fetched successfully
2026-03-17 11:23:08 [main] INFO  com.org.kodewala.ecommerce.jdbc.service.ProductService - Products fetched successfully
2026-03-17 11:23:08 [main] INFO  com.org.kodewala.ecommerce.jdbc.service.ProductService - Products fetched successfully
2026-03-17 11:23:08 [main] INFO  com.org.kodewala.ecommerce.jdbc.service.ProductService - Products fetched successfully
2026-03-17 11:23:08 [main] INFO  com.org.kodewala.ecommerce.jdbc.service.ProductService - Products fetched successfully
2026-03-17 11:23:08 [main] INFO  com.org.kodewala.ecommerce.jdbc.service.ProductService - Products fetched successfully
2026-03-17 11:23:08 [main] INFO  com.org.kodewala.ecommerce.jdbc.service.ProductService - Products fetched successfully
2026-03-17 11:23:08 [main] INFO  com.org.kodewala.ecommerce.jdbc.service.ProductService - Products fetched successfully
2026-03-17 11:23:08 [main] INFO  com.org.kodewala.ecommerce.jdbc.service.ProductService - Products fetched successfully
2026-03-17 11:23:08 [main] INFO  com.org.kodewala.ecommerce.jdbc.service.ProductService - Products fetched successfully
2026-03-17 11:23:08 [main] INFO  com.org.kodewala.ecommerce.jdbc.service.ProductService - Products fetched successfully
2026-03-17 11:23:08 [main] INFO  com.org.kodewala.ecommerce.jdbc.service.ProductService - Products fetched successfully
2026-03-17 11:23:08 [main] INFO  com.org.kodewala.ecommerce.jdbc.service.ProductService - Products fetched successfully
2026-03-17 11:23:08 [main] INFO  com.org.kodewala.ecommerce.jdbc.service.ProductService - Products fetched successfully
2026-03-17 11:23:08 [main] INFO  com.org.kodewala.ecommerce.jdbc.service.ProductService - Products fetched successfully
2026-03-17 11:23:08 [main] INFO  com.org.kodewala.ecommerce.jdbc.service.ProductService - Products fetched successfully
2026-03-17 11:23:08 [main] INFO  com.org.kodewala.ecommerce.jdbc.service.ProductService - Products fetched successfully
2026-03-17 11:23:08 [main] INFO  com.org.kodewala.ecommerce.jdbc.service.ProductService - Products fetched successfully
2026-03-17 11:23:08 [main] INFO  com.org.kodewala.ecommerce.jdbc.service.ProductService - Products fetched successfully
2026-03-17 11:23:08 [main] INFO  com.org.kodewala.ecommerce.jdbc.service.ProductService - Products fetched successfully
2026-03-17 11:23:08 [main] INFO  com.org.kodewala.ecommerce.jdbc.service.ProductService - Products fetched successfully
2026-03-17 11:23:08 [main] INFO  com.org.kodewala.ecommerce.jdbc.service.ProductService - Products fetched successfully
2026-03-17 11:23:08 [main] INFO  com.org.kodewala.ecommerce.jdbc.service.ProductService - Products fetched successfully
2026-03-17 11:23:08 [main] INFO  com.org.kodewala.ecommerce.jdbc.service.ProductService - Products fetched successfully
2026-03-17 11:23:08 [main] INFO  com.org.kodewala.ecommerce.jdbc.service.ProductService - Products fetched successfully
2026-03-17 11:23:08 [main] INFO  com.org.kodewala.ecommerce.jdbc.service.ProductService - Products fetched successfully
2026-03-17 11:23:08 [main] INFO  com.org.kodewala.ecommerce.jdbc.service.ProductService - Products fetched successfully
2026-03-17 11:23:08 [main] INFO  com.org.kodewala.ecommerce.jdbc.service.ProductService - Products fetched successfully
2026-03-17 11:23:08 [main] INFO  com.org.kodewala.ecommerce.jdbc.service.ProductService - Products fetched successfully
2026-03-17 11:23:08 [main] INFO  com.org.kodewala.ecommerce.jdbc.service.ProductService - Products fetched successfully
2026-03-17 11:23:08 [main] INFO  com.org.kodewala.ecommerce.jdbc.service.ProductService - Products fetched successfully
2026-03-17 11:23:08 [main] INFO  com.org.kodewala.ecommerce.jdbc.service.ProductService - Products fetched successfully
2026-03-17 11:23:08 [main] INFO  com.org.kodewala.ecommerce.jdbc.service.ProductService - Products fetched successfully
2026-03-17 11:23:08 [main] INFO  com.org.kodewala.ecommerce.jdbc.service.ProductService - Products fetched successfully
2026-03-17 11:23:08 [main] INFO  com.org.kodewala.ecommerce.jdbc.service.ProductService - Products fetched successfully
2026-03-17 11:23:08 [main] INFO  com.org.kodewala.ecommerce.jdbc.service.ProductService - Products fetched successfully
2026-03-17 11:23:08 [main] INFO  com.org.kodewala.ecommerce.jdbc.service.ProductService - Products fetched successfully
2026-03-17 11:23:08 [main] INFO  com.org.kodewala.ecommerce.jdbc.service.ProductService - Products fetched successfully
2026-03-17 11:23:08 [main] INFO  com.org.kodewala.ecommerce.jdbc.service.ProductService - Products fetched successfully
2026-03-17 11:23:08 [main] INFO  com.org.kodewala.ecommerce.jdbc.service.ProductService - Products fetched successfully
2026-03-17 11:23:08 [main] INFO  com.org.kodewala.ecommerce.jdbc.service.ProductService - Products fetched successfully
2026-03-17 11:23:08 [main] INFO  com.org.kodewala.ecommerce.jdbc.service.ProductService - Products fetched successfully
2026-03-17 11:23:08 [main] INFO  com.org.kodewala.ecommerce.jdbc.service.ProductService - Products fetched successfully
2026-03-17 11:23:08 [main] INFO  com.org.kodewala.ecommerce.jdbc.service.ProductService - Products fetched successfully
2026-03-17 11:23:08 [main] INFO  com.org.kodewala.ecommerce.jdbc.service.ProductService - Products fetched successfully
2026-03-17 11:23:08 [main] INFO  com.org.kodewala.ecommerce.jdbc.service.ProductService - Products fetched successfully
2026-03-17 11:23:08 [main] INFO  com.org.kodewala.ecommerce.jdbc.service.ProductService - Products fetched successfully
2026-03-17 11:23:08 [main] INFO  com.org.kodewala.ecommerce.jdbc.service.ProductService - Products fetched successfully
2026-03-17 11:23:08 [main] INFO  com.org.kodewala.ecommerce.jdbc.service.ProductService - Products fetched successfully
2026-03-17 11:23:08 [main] INFO  com.org.kodewala.ecommerce.jdbc.service.ProductService - Products fetched successfully
2026-03-17 11:23:08 [main] INFO  com.org.kodewala.ecommerce.jdbc.service.ProductService - Products fetched successfully
2026-03-17 11:23:08 [main] INFO  com.org.kodewala.ecommerce.jdbc.service.ProductService - Products fetched successfully
2026-03-17 11:23:08 [main] INFO  com.org.kodewala.ecommerce.jdbc.service.ProductService - Products fetched successfully
2026-03-17 11:23:08 [main] INFO  com.org.kodewala.ecommerce.jdbc.service.ProductService - Products fetched successfully
2026-03-17 11:23:08 [main] INFO  com.org.kodewala.ecommerce.jdbc.service.ProductService - Products fetched successfully
2026-03-17 11:23:08 [main] INFO  com.org.kodewala.ecommerce.jdbc.service.ProductService - Products fetched successfully
2026-03-17 11:23:08 [main] INFO  com.org.kodewala.ecommerce.jdbc.service.ProductService - Products fetched successfully
2026-03-17 11:23:08 [main] INFO  com.org.kodewala.ecommerce.jdbc.service.ProductService - Products fetched successfully
2026-03-17 11:23:08 [main] INFO  com.org.kodewala.ecommerce.jdbc.service.ProductService - Products fetched successfully
2026-03-17 11:23:08 [main] INFO  com.org.kodewala.ecommerce.jdbc.service.ProductService - Products fetched successfully
2026-03-17 11:23:08 [main] INFO  com.org.kodewala.ecommerce.jdbc.service.ProductService - Products fetched successfully
2026-03-17 11:23:08 [main] INFO  com.org.kodewala.ecommerce.jdbc.service.ProductService - Products fetched successfully
2026-03-17 11:23:08 [main] INFO  com.org.kodewala.ecommerce.jdbc.service.ProductService - Products fetched successfully
2026-03-17 11:23:08 [main] INFO  com.org.kodewala.ecommerce.jdbc.service.ProductService - Products fetched successfully
2026-03-17 11:23:08 [main] INFO  com.org.kodewala.ecommerce.jdbc.service.ProductService - Products fetched successfully
2026-03-17 11:23:08 [main] INFO  com.org.kodewala.ecommerce.jdbc.service.ProductService - Products fetched successfully
2026-03-17 11:23:08 [main] INFO  com.org.kodewala.ecommerce.jdbc.service.ProductService - Products fetched successfully
2026-03-17 11:23:08 [main] INFO  com.org.kodewala.ecommerce.jdbc.service.ProductService - Products fetched successfully
2026-03-17 11:23:08 [main] INFO  com.org.kodewala.ecommerce.jdbc.service.ProductService - Products fetched successfully
2026-03-17 11:23:08 [main] INFO  com.org.kodewala.ecommerce.jdbc.service.ProductService - Products fetched successfully
2026-03-17 11:23:08 [main] INFO  com.org.kodewala.ecommerce.jdbc.service.ProductService - Products fetched successfully
2026-03-17 11:23:08 [main] INFO  com.org.kodewala.ecommerce.jdbc.service.ProductService - Products fetched successfully
2026-03-17 11:23:08 [main] INFO  com.org.kodewala.ecommerce.jdbc.service.ProductService - Products fetched successfully
2026-03-17 11:23:08 [main] INFO  com.org.kodewala.ecommerce.jdbc.service.ProductService - Products fetched successfully
2026-03-17 11:23:08 [main] INFO  com.org.kodewala.ecommerce.jdbc.service.ProductService - Products fetched successfully
2026-03-17 11:23:08 [main] INFO  com.org.kodewala.ecommerce.jdbc.service.ProductService - Products fetched successfully
2026-03-17 11:23:08 [main] INFO  com.org.kodewala.ecommerce.jdbc.service.ProductService - Products fetched successfully
2026-03-17 11:23:08 [main] INFO  com.org.kodewala.ecommerce.jdbc.service.ProductService - Products fetched successfully
2026-03-17 11:23:08 [main] INFO  com.org.kodewala.ecommerce.jdbc.App - Press 1 to see available products
2026-03-17 11:23:08 [main] INFO  com.org.kodewala.ecommerce.jdbc.App - Press 2 to search availble products
2026-03-17 11:23:08 [main] INFO  com.org.kodewala.ecommerce.jdbc.App - Press 3 to sort products by price low-high
2026-03-17 11:23:08 [main] INFO  com.org.kodewala.ecommerce.jdbc.App - Press 4 to sort products by price high-low
2026-03-17 11:23:08 [main] INFO  com.org.kodewala.ecommerce.jdbc.App - Press 5 to add product to cart
2026-03-17 11:23:08 [main] INFO  com.org.kodewala.ecommerce.jdbc.App - Press 6 to remove product from cart
2026-03-17 11:23:08 [main] INFO  com.org.kodewala.ecommerce.jdbc.App - Press 7 to update quantity of product from cart
2026-03-17 11:23:08 [main] INFO  com.org.kodewala.ecommerce.jdbc.App - Press 8 to check cart
2026-03-17 11:23:08 [main] INFO  com.org.kodewala.ecommerce.jdbc.App - Press 9 to check-out
2026-03-17 11:23:08 [main] INFO  com.org.kodewala.ecommerce.jdbc.App - Press 10 to show order history
2026-03-17 11:23:08 [main] INFO  com.org.kodewala.ecommerce.jdbc.App - Press 11 to exit
2026-03-17 11:23:08 [main] DEBUG com.org.kodewala.ecommerce.jdbc.App - Please select an option : 
